/*C5*/SET SCHEMA PUBLIC
DISCONNECT
/*C7*/SET SCHEMA PUBLIC
DISCONNECT
/*C8*/SET SCHEMA PUBLIC
DISCONNECT
/*C9*/SET SCHEMA PUBLIC
DISCONNECT
/*C10*/SET SCHEMA PUBLIC
DISCONNECT
/*C11*/SET SCHEMA PUBLIC
DISCONNECT
/*C12*/SET SCHEMA PUBLIC
DISCONNECT
/*C13*/SET SCHEMA PUBLIC
DISCONNECT
/*C14*/SET SCHEMA PUBLIC
DISCONNECT
/*C15*/SET SCHEMA PUBLIC
DISCONNECT
/*C16*/SET SCHEMA PUBLIC
DISCONNECT
/*C18*/SET SCHEMA PUBLIC
DISCONNECT
/*C17*/SET SCHEMA PUBLIC
DISCONNECT
/*C19*/SET SCHEMA PUBLIC
INSERT INTO EVENTTABLE VALUES('scsmbstgra',5,'APPLICATION_LOG','12345',TRUE)
COMMIT
/*C20*/SET SCHEMA PUBLIC
INSERT INTO EVENTTABLE VALUES('scsmbstgrb',3,'null','null',FALSE)
COMMIT
/*C21*/SET SCHEMA PUBLIC
INSERT INTO EVENTTABLE VALUES('scsmbstgrc',8,'null','null',TRUE)
COMMIT
/*C19*/DISCONNECT
/*C21*/DISCONNECT
/*C20*/DISCONNECT
